0 info it worked if it ends with ok
1 verbose cli [ '/usr/bin/node', '/usr/bin/npm', 'install', '-g' ]
2 info using npm@3.5.2
3 info using node@v8.10.0
4 silly loadCurrentTree Starting
5 silly install loadCurrentTree
6 silly install readGlobalPackageData
7 silly fetchPackageMetaData .
8 silly fetchDirectoryPackageData .
9 silly install normalizeTree
10 silly loadCurrentTree Finishing
11 silly loadIdealTree Starting
12 silly install loadIdealTree
13 silly cloneCurrentTree Starting
14 silly install cloneCurrentTreeToIdealTree
15 silly cloneCurrentTree Finishing
16 silly loadShrinkwrap Starting
17 silly install loadShrinkwrap
18 silly loadShrinkwrap Finishing
19 silly loadAllDepsIntoIdealTree Starting
20 silly install loadAllDepsIntoIdealTree
21 silly resolveWithNewModule beerscript@1.0.0 checking installable status
22 silly cache add args [ '.', null ]
23 verbose cache add spec .
24 silly cache add parsed spec Result {
24 silly cache add   raw: '.',
24 silly cache add   scope: null,
24 silly cache add   name: null,
24 silly cache add   rawSpec: '.',
24 silly cache add   spec: '/mnt/c/Users/MAINT/Documents/GitHub/BeerScript',
24 silly cache add   type: 'directory' }
25 verbose addLocalDirectory /home/amandine/.npm/beerscript/1.0.0/package.tgz not in flight; packing
26 info lifecycle beerscript@1.0.0~prepublish: beerscript@1.0.0
27 silly lifecycle beerscript@1.0.0~prepublish: no script for prepublish, continuing
28 verbose tar pack [ '/home/amandine/.npm/beerscript/1.0.0/package.tgz',
28 verbose tar pack   '/mnt/c/Users/MAINT/Documents/GitHub/BeerScript' ]
29 verbose tarball /home/amandine/.npm/beerscript/1.0.0/package.tgz
30 verbose folder /mnt/c/Users/MAINT/Documents/GitHub/BeerScript
31 verbose addLocalTarball adding from inside cache /home/amandine/.npm/beerscript/1.0.0/package.tgz
32 silly cache afterAdd beerscript@1.0.0
33 verbose afterAdd /home/amandine/.npm/beerscript/1.0.0/package/package.json not in flight; writing
34 verbose afterAdd /home/amandine/.npm/beerscript/1.0.0/package/package.json written
35 silly fetchNamedPackageData axios
36 silly mapToRegistry name axios
37 silly mapToRegistry using default registry
38 silly mapToRegistry registry https://registry.npmjs.org/
39 silly mapToRegistry uri https://registry.npmjs.org/axios
40 verbose request uri https://registry.npmjs.org/axios
41 verbose request no auth needed
42 info attempt registry request try #1 at 11:21:07 AM
43 verbose request id 90b3951cf04988a4
44 verbose etag W/"37b6a2de5411beef944c41c887241bed"
45 verbose lastModified Wed, 10 Oct 2018 05:14:28 GMT
46 http request GET https://registry.npmjs.org/axios
47 http 304 https://registry.npmjs.org/axios
48 verbose headers { date: 'Tue, 13 Nov 2018 10:21:09 GMT',
48 verbose headers   connection: 'keep-alive',
48 verbose headers   'set-cookie':
48 verbose headers    [ '__cfduid=d7b46ec410443cb7f47c6218afe37e5871542104469; expires=Wed, 13-Nov-19 10:21:09 GMT; path=/; domain=.registry.npmjs.org; HttpOnly' ],
48 verbose headers   'cf-cache-status': 'HIT',
48 verbose headers   'cache-control': 'max-age=300',
48 verbose headers   'cf-ray': '47908284ead968fc-CDG',
48 verbose headers   etag: '"37b6a2de5411beef944c41c887241bed"',
48 verbose headers   'expect-ct': 'max-age=604800, report-uri="https://report-uri.cloudflare.com/cdn-cgi/beacon/expect-ct"',
48 verbose headers   'last-modified': 'Wed, 10 Oct 2018 05:14:28 GMT',
48 verbose headers   vary: 'accept-encoding, accept',
48 verbose headers   'x-amz-meta-rev': '666-551ca695ac8c6bc8c2170864dff6c24c',
48 verbose headers   server: 'cloudflare' }
49 silly get cb [ 304,
49 silly get   { date: 'Tue, 13 Nov 2018 10:21:09 GMT',
49 silly get     connection: 'keep-alive',
49 silly get     'set-cookie':
49 silly get      [ '__cfduid=d7b46ec410443cb7f47c6218afe37e5871542104469; expires=Wed, 13-Nov-19 10:21:09 GMT; path=/; domain=.registry.npmjs.org; HttpOnly' ],
49 silly get     'cf-cache-status': 'HIT',
49 silly get     'cache-control': 'max-age=300',
49 silly get     'cf-ray': '47908284ead968fc-CDG',
49 silly get     etag: '"37b6a2de5411beef944c41c887241bed"',
49 silly get     'expect-ct': 'max-age=604800, report-uri="https://report-uri.cloudflare.com/cdn-cgi/beacon/expect-ct"',
49 silly get     'last-modified': 'Wed, 10 Oct 2018 05:14:28 GMT',
49 silly get     vary: 'accept-encoding, accept',
49 silly get     'x-amz-meta-rev': '666-551ca695ac8c6bc8c2170864dff6c24c',
49 silly get     server: 'cloudflare' } ]
50 verbose etag https://registry.npmjs.org/axios from cache
51 verbose get saving axios to /home/amandine/.npm/registry.npmjs.org/axios/.cache.json
52 silly resolveWithNewModule axios@0.18.0 checking installable status
53 silly cache add args [ 'axios@^0.18.0', null ]
54 verbose cache add spec axios@^0.18.0
55 silly cache add parsed spec Result {
55 silly cache add   raw: 'axios@^0.18.0',
55 silly cache add   scope: null,
55 silly cache add   name: 'axios',
55 silly cache add   rawSpec: '^0.18.0',
55 silly cache add   spec: '>=0.18.0 <0.19.0',
55 silly cache add   type: 'range' }
56 silly addNamed axios@>=0.18.0 <0.19.0
57 verbose addNamed ">=0.18.0 <0.19.0" is a valid semver range for axios
58 silly addNameRange { name: 'axios', range: '>=0.18.0 <0.19.0', hasData: false }
59 silly mapToRegistry name axios
60 silly mapToRegistry using default registry
61 silly mapToRegistry registry https://registry.npmjs.org/
62 silly mapToRegistry uri https://registry.npmjs.org/axios
63 verbose addNameRange registry:https://registry.npmjs.org/axios not in flight; fetching
64 verbose get https://registry.npmjs.org/axios not expired, no request
65 silly addNameRange number 2 { name: 'axios', range: '>=0.18.0 <0.19.0', hasData: true }
66 silly addNameRange versions [ 'axios',
66 silly addNameRange   [ '0.1.0',
66 silly addNameRange     '0.2.0',
66 silly addNameRange     '0.2.1',
66 silly addNameRange     '0.2.2',
66 silly addNameRange     '0.3.0',
66 silly addNameRange     '0.3.1',
66 silly addNameRange     '0.4.0',
66 silly addNameRange     '0.4.1',
66 silly addNameRange     '0.4.2',
66 silly addNameRange     '0.5.0',
66 silly addNameRange     '0.5.1',
66 silly addNameRange     '0.5.2',
66 silly addNameRange     '0.5.3',
66 silly addNameRange     '0.5.4',
66 silly addNameRange     '0.6.0',
66 silly addNameRange     '0.7.0',
66 silly addNameRange     '0.8.0',
66 silly addNameRange     '0.8.1',
66 silly addNameRange     '0.9.0',
66 silly addNameRange     '0.9.1',
66 silly addNameRange     '0.10.0',
66 silly addNameRange     '0.11.0',
66 silly addNameRange     '0.11.1',
66 silly addNameRange     '0.12.0',
66 silly addNameRange     '0.13.0',
66 silly addNameRange     '0.13.1',
66 silly addNameRange     '0.14.0',
66 silly addNameRange     '0.15.0',
66 silly addNameRange     '0.15.1',
66 silly addNameRange     '0.15.2',
66 silly addNameRange     '0.15.3',
66 silly addNameRange     '0.16.0',
66 silly addNameRange     '0.16.1',
66 silly addNameRange     '0.16.2',
66 silly addNameRange     '0.17.0',
66 silly addNameRange     '0.17.1',
66 silly addNameRange     '0.18.0',
66 silly addNameRange     '0.19.0-beta.1' ] ]
67 silly addNamed axios@0.18.0
68 verbose addNamed "0.18.0" is a plain semver version for axios
69 silly cache afterAdd axios@0.18.0
70 verbose afterAdd /home/amandine/.npm/axios/0.18.0/package/package.json not in flight; writing
71 verbose afterAdd /home/amandine/.npm/axios/0.18.0/package/package.json written
72 silly fetchNamedPackageData follow-redirects
73 silly mapToRegistry name follow-redirects
74 silly mapToRegistry using default registry
75 silly mapToRegistry registry https://registry.npmjs.org/
76 silly mapToRegistry uri https://registry.npmjs.org/follow-redirects
77 silly fetchNamedPackageData is-buffer
78 silly mapToRegistry name is-buffer
79 silly mapToRegistry using default registry
80 silly mapToRegistry registry https://registry.npmjs.org/
81 silly mapToRegistry uri https://registry.npmjs.org/is-buffer
82 verbose request uri https://registry.npmjs.org/follow-redirects
83 verbose request no auth needed
84 info attempt registry request try #1 at 11:21:10 AM
85 verbose etag W/"724fbf229dba5de1319d35550dd3759b"
86 verbose lastModified Tue, 09 Oct 2018 16:01:50 GMT
87 http request GET https://registry.npmjs.org/follow-redirects
88 verbose request uri https://registry.npmjs.org/is-buffer
89 verbose request no auth needed
90 info attempt registry request try #1 at 11:21:10 AM
91 verbose etag W/"e72489e8a0cbb1ba2e62b1f5b1002dac"
92 verbose lastModified Sat, 09 Jun 2018 23:15:24 GMT
93 http request GET https://registry.npmjs.org/is-buffer
94 http 304 https://registry.npmjs.org/follow-redirects
95 verbose headers { date: 'Tue, 13 Nov 2018 10:21:09 GMT',
95 verbose headers   connection: 'keep-alive',
95 verbose headers   'set-cookie':
95 verbose headers    [ '__cfduid=d7b46ec410443cb7f47c6218afe37e5871542104469; expires=Wed, 13-Nov-19 10:21:09 GMT; path=/; domain=.registry.npmjs.org; HttpOnly' ],
95 verbose headers   'cf-cache-status': 'HIT',
95 verbose headers   'cache-control': 'max-age=300',
95 verbose headers   'cf-ray': '47908285ab5b68fc-CDG',
95 verbose headers   etag: '"724fbf229dba5de1319d35550dd3759b"',
95 verbose headers   'expect-ct': 'max-age=604800, report-uri="https://report-uri.cloudflare.com/cdn-cgi/beacon/expect-ct"',
95 verbose headers   'last-modified': 'Tue, 09 Oct 2018 16:01:50 GMT',
95 verbose headers   vary: 'accept-encoding, accept',
95 verbose headers   'x-amz-meta-rev': '50-f12287595d576c640be990b664eb9bb1',
95 verbose headers   server: 'cloudflare' }
96 silly get cb [ 304,
96 silly get   { date: 'Tue, 13 Nov 2018 10:21:09 GMT',
96 silly get     connection: 'keep-alive',
96 silly get     'set-cookie':
96 silly get      [ '__cfduid=d7b46ec410443cb7f47c6218afe37e5871542104469; expires=Wed, 13-Nov-19 10:21:09 GMT; path=/; domain=.registry.npmjs.org; HttpOnly' ],
96 silly get     'cf-cache-status': 'HIT',
96 silly get     'cache-control': 'max-age=300',
96 silly get     'cf-ray': '47908285ab5b68fc-CDG',
96 silly get     etag: '"724fbf229dba5de1319d35550dd3759b"',
96 silly get     'expect-ct': 'max-age=604800, report-uri="https://report-uri.cloudflare.com/cdn-cgi/beacon/expect-ct"',
96 silly get     'last-modified': 'Tue, 09 Oct 2018 16:01:50 GMT',
96 silly get     vary: 'accept-encoding, accept',
96 silly get     'x-amz-meta-rev': '50-f12287595d576c640be990b664eb9bb1',
96 silly get     server: 'cloudflare' } ]
97 verbose etag https://registry.npmjs.org/follow-redirects from cache
98 verbose get saving follow-redirects to /home/amandine/.npm/registry.npmjs.org/follow-redirects/.cache.json
99 silly resolveWithNewModule follow-redirects@1.5.9 checking installable status
100 silly cache add args [ 'follow-redirects@^1.3.0', null ]
101 verbose cache add spec follow-redirects@^1.3.0
102 silly cache add parsed spec Result {
102 silly cache add   raw: 'follow-redirects@^1.3.0',
102 silly cache add   scope: null,
102 silly cache add   name: 'follow-redirects',
102 silly cache add   rawSpec: '^1.3.0',
102 silly cache add   spec: '>=1.3.0 <2.0.0',
102 silly cache add   type: 'range' }
103 silly addNamed follow-redirects@>=1.3.0 <2.0.0
104 verbose addNamed ">=1.3.0 <2.0.0" is a valid semver range for follow-redirects
105 silly addNameRange { name: 'follow-redirects',
105 silly addNameRange   range: '>=1.3.0 <2.0.0',
105 silly addNameRange   hasData: false }
106 silly mapToRegistry name follow-redirects
107 silly mapToRegistry using default registry
108 silly mapToRegistry registry https://registry.npmjs.org/
109 silly mapToRegistry uri https://registry.npmjs.org/follow-redirects
110 verbose addNameRange registry:https://registry.npmjs.org/follow-redirects not in flight; fetching
111 verbose get https://registry.npmjs.org/follow-redirects not expired, no request
112 silly addNameRange number 2 { name: 'follow-redirects',
112 silly addNameRange   range: '>=1.3.0 <2.0.0',
112 silly addNameRange   hasData: true }
113 silly addNameRange versions [ 'follow-redirects',
113 silly addNameRange   [ '0.0.1',
113 silly addNameRange     '0.0.2',
113 silly addNameRange     '0.0.3',
113 silly addNameRange     '0.0.4',
113 silly addNameRange     '0.0.5',
113 silly addNameRange     '0.0.6',
113 silly addNameRange     '0.0.7',
113 silly addNameRange     '0.1.0',
113 silly addNameRange     '0.2.0',
113 silly addNameRange     '0.3.0',
113 silly addNameRange     '1.0.0',
113 silly addNameRange     '1.1.0',
113 silly addNameRange     '1.2.0',
113 silly addNameRange     '1.2.1',
113 silly addNameRange     '1.2.2',
113 silly addNameRange     '1.2.3',
113 silly addNameRange     '1.2.4',
113 silly addNameRange     '1.2.5',
113 silly addNameRange     '1.2.6',
113 silly addNameRange     '1.3.0',
113 silly addNameRange     '1.4.0',
113 silly addNameRange     '1.4.1',
113 silly addNameRange     '1.5.0',
113 silly addNameRange     '1.5.1',
113 silly addNameRange     '1.5.2',
113 silly addNameRange     '1.5.3',
113 silly addNameRange     '1.5.4',
113 silly addNameRange     '1.5.5',
113 silly addNameRange     '1.5.6',
113 silly addNameRange     '1.5.7',
113 silly addNameRange     '1.5.8',
113 silly addNameRange     '1.5.9' ] ]
114 silly addNamed follow-redirects@1.5.9
115 verbose addNamed "1.5.9" is a plain semver version for follow-redirects
116 silly cache afterAdd follow-redirects@1.5.9
117 verbose afterAdd /home/amandine/.npm/follow-redirects/1.5.9/package/package.json not in flight; writing
118 verbose afterAdd /home/amandine/.npm/follow-redirects/1.5.9/package/package.json written
119 http 304 https://registry.npmjs.org/is-buffer
120 verbose headers { date: 'Tue, 13 Nov 2018 10:21:09 GMT',
120 verbose headers   connection: 'keep-alive',
120 verbose headers   'set-cookie':
120 verbose headers    [ '__cfduid=d6ce864e6fc6b6c65f393667c06637ac41542104469; expires=Wed, 13-Nov-19 10:21:09 GMT; path=/; domain=.registry.npmjs.org; HttpOnly' ],
120 verbose headers   'cf-cache-status': 'HIT',
120 verbose headers   'cache-control': 'max-age=300',
120 verbose headers   'cf-ray': '47908285fbd0a8a5-CDG',
120 verbose headers   etag: '"e72489e8a0cbb1ba2e62b1f5b1002dac"',
120 verbose headers   'expect-ct': 'max-age=604800, report-uri="https://report-uri.cloudflare.com/cdn-cgi/beacon/expect-ct"',
120 verbose headers   'last-modified': 'Sat, 09 Jun 2018 23:15:24 GMT',
120 verbose headers   vary: 'accept-encoding, accept',
120 verbose headers   server: 'cloudflare' }
121 silly get cb [ 304,
121 silly get   { date: 'Tue, 13 Nov 2018 10:21:09 GMT',
121 silly get     connection: 'keep-alive',
121 silly get     'set-cookie':
121 silly get      [ '__cfduid=d6ce864e6fc6b6c65f393667c06637ac41542104469; expires=Wed, 13-Nov-19 10:21:09 GMT; path=/; domain=.registry.npmjs.org; HttpOnly' ],
121 silly get     'cf-cache-status': 'HIT',
121 silly get     'cache-control': 'max-age=300',
121 silly get     'cf-ray': '47908285fbd0a8a5-CDG',
121 silly get     etag: '"e72489e8a0cbb1ba2e62b1f5b1002dac"',
121 silly get     'expect-ct': 'max-age=604800, report-uri="https://report-uri.cloudflare.com/cdn-cgi/beacon/expect-ct"',
121 silly get     'last-modified': 'Sat, 09 Jun 2018 23:15:24 GMT',
121 silly get     vary: 'accept-encoding, accept',
121 silly get     server: 'cloudflare' } ]
122 verbose etag https://registry.npmjs.org/is-buffer from cache
123 verbose get saving is-buffer to /home/amandine/.npm/registry.npmjs.org/is-buffer/.cache.json
124 silly resolveWithNewModule is-buffer@1.1.6 checking installable status
125 silly cache add args [ 'is-buffer@^1.1.5', null ]
126 verbose cache add spec is-buffer@^1.1.5
127 silly cache add parsed spec Result {
127 silly cache add   raw: 'is-buffer@^1.1.5',
127 silly cache add   scope: null,
127 silly cache add   name: 'is-buffer',
127 silly cache add   rawSpec: '^1.1.5',
127 silly cache add   spec: '>=1.1.5 <2.0.0',
127 silly cache add   type: 'range' }
128 silly addNamed is-buffer@>=1.1.5 <2.0.0
129 verbose addNamed ">=1.1.5 <2.0.0" is a valid semver range for is-buffer
130 silly addNameRange { name: 'is-buffer', range: '>=1.1.5 <2.0.0', hasData: false }
131 silly mapToRegistry name is-buffer
132 silly mapToRegistry using default registry
133 silly mapToRegistry registry https://registry.npmjs.org/
134 silly mapToRegistry uri https://registry.npmjs.org/is-buffer
135 verbose addNameRange registry:https://registry.npmjs.org/is-buffer not in flight; fetching
136 verbose get https://registry.npmjs.org/is-buffer not expired, no request
137 silly addNameRange number 2 { name: 'is-buffer', range: '>=1.1.5 <2.0.0', hasData: true }
138 silly addNameRange versions [ 'is-buffer',
138 silly addNameRange   [ '1.0.0',
138 silly addNameRange     '1.0.1',
138 silly addNameRange     '1.0.2',
138 silly addNameRange     '1.1.0',
138 silly addNameRange     '1.1.1',
138 silly addNameRange     '1.1.2',
138 silly addNameRange     '1.1.3',
138 silly addNameRange     '1.1.4',
138 silly addNameRange     '1.1.5',
138 silly addNameRange     '1.1.6',
138 silly addNameRange     '2.0.0',
138 silly addNameRange     '2.0.1',
138 silly addNameRange     '2.0.2',
138 silly addNameRange     '2.0.3' ] ]
139 silly addNamed is-buffer@1.1.6
140 verbose addNamed "1.1.6" is a plain semver version for is-buffer
141 silly cache afterAdd is-buffer@1.1.6
142 verbose afterAdd /home/amandine/.npm/is-buffer/1.1.6/package/package.json not in flight; writing
143 verbose afterAdd /home/amandine/.npm/is-buffer/1.1.6/package/package.json written
144 silly fetchNamedPackageData debug
145 silly mapToRegistry name debug
146 silly mapToRegistry using default registry
147 silly mapToRegistry registry https://registry.npmjs.org/
148 silly mapToRegistry uri https://registry.npmjs.org/debug
149 verbose request uri https://registry.npmjs.org/debug
150 verbose request no auth needed
151 info attempt registry request try #1 at 11:21:10 AM
152 verbose etag W/"c231e80201133c7ef0c0538e1d17a0cd"
153 verbose lastModified Wed, 10 Oct 2018 06:52:33 GMT
154 http request GET https://registry.npmjs.org/debug
155 http 304 https://registry.npmjs.org/debug
156 verbose headers { date: 'Tue, 13 Nov 2018 10:21:09 GMT',
156 verbose headers   connection: 'keep-alive',
156 verbose headers   'set-cookie':
156 verbose headers    [ '__cfduid=d7b46ec410443cb7f47c6218afe37e5871542104469; expires=Wed, 13-Nov-19 10:21:09 GMT; path=/; domain=.registry.npmjs.org; HttpOnly' ],
156 verbose headers   'cf-cache-status': 'HIT',
156 verbose headers   'cache-control': 'max-age=300',
156 verbose headers   'cf-ray': '479082867c6768fc-CDG',
156 verbose headers   etag: '"c231e80201133c7ef0c0538e1d17a0cd"',
156 verbose headers   'expect-ct': 'max-age=604800, report-uri="https://report-uri.cloudflare.com/cdn-cgi/beacon/expect-ct"',
156 verbose headers   'last-modified': 'Wed, 10 Oct 2018 06:52:33 GMT',
156 verbose headers   vary: 'accept-encoding, accept',
156 verbose headers   'x-amz-meta-rev': '897-0f0f80a1041157a009568ccdd077be4a',
156 verbose headers   server: 'cloudflare' }
157 silly get cb [ 304,
157 silly get   { date: 'Tue, 13 Nov 2018 10:21:09 GMT',
157 silly get     connection: 'keep-alive',
157 silly get     'set-cookie':
157 silly get      [ '__cfduid=d7b46ec410443cb7f47c6218afe37e5871542104469; expires=Wed, 13-Nov-19 10:21:09 GMT; path=/; domain=.registry.npmjs.org; HttpOnly' ],
157 silly get     'cf-cache-status': 'HIT',
157 silly get     'cache-control': 'max-age=300',
157 silly get     'cf-ray': '479082867c6768fc-CDG',
157 silly get     etag: '"c231e80201133c7ef0c0538e1d17a0cd"',
157 silly get     'expect-ct': 'max-age=604800, report-uri="https://report-uri.cloudflare.com/cdn-cgi/beacon/expect-ct"',
157 silly get     'last-modified': 'Wed, 10 Oct 2018 06:52:33 GMT',
157 silly get     vary: 'accept-encoding, accept',
157 silly get     'x-amz-meta-rev': '897-0f0f80a1041157a009568ccdd077be4a',
157 silly get     server: 'cloudflare' } ]
158 verbose etag https://registry.npmjs.org/debug from cache
159 verbose get saving debug to /home/amandine/.npm/registry.npmjs.org/debug/.cache.json
160 silly resolveWithNewModule debug@3.1.0 checking installable status
161 silly cache add args [ 'debug@=3.1.0', null ]
162 verbose cache add spec debug@=3.1.0
163 silly cache add parsed spec Result {
163 silly cache add   raw: 'debug@=3.1.0',
163 silly cache add   scope: null,
163 silly cache add   name: 'debug',
163 silly cache add   rawSpec: '=3.1.0',
163 silly cache add   spec: '3.1.0',
163 silly cache add   type: 'version' }
164 silly addNamed debug@3.1.0
165 verbose addNamed "3.1.0" is a plain semver version for debug
166 silly mapToRegistry name debug
167 silly mapToRegistry using default registry
168 silly mapToRegistry registry https://registry.npmjs.org/
169 silly mapToRegistry uri https://registry.npmjs.org/debug
170 verbose addNameVersion registry:https://registry.npmjs.org/debug not in flight; fetching
171 verbose get https://registry.npmjs.org/debug not expired, no request
172 silly cache afterAdd debug@3.1.0
173 verbose afterAdd /home/amandine/.npm/debug/3.1.0/package/package.json not in flight; writing
174 verbose afterAdd /home/amandine/.npm/debug/3.1.0/package/package.json written
175 silly fetchNamedPackageData ms
176 silly mapToRegistry name ms
177 silly mapToRegistry using default registry
178 silly mapToRegistry registry https://registry.npmjs.org/
179 silly mapToRegistry uri https://registry.npmjs.org/ms
180 verbose request uri https://registry.npmjs.org/ms
181 verbose request no auth needed
182 info attempt registry request try #1 at 11:21:10 AM
183 verbose etag W/"5a85bb57554d845233ccd7495e3fc9c2"
184 verbose lastModified Sat, 06 Oct 2018 06:09:30 GMT
185 http request GET https://registry.npmjs.org/ms
186 http 304 https://registry.npmjs.org/ms
187 verbose headers { date: 'Tue, 13 Nov 2018 10:21:09 GMT',
187 verbose headers   connection: 'keep-alive',
187 verbose headers   'set-cookie':
187 verbose headers    [ '__cfduid=d6ce864e6fc6b6c65f393667c06637ac41542104469; expires=Wed, 13-Nov-19 10:21:09 GMT; path=/; domain=.registry.npmjs.org; HttpOnly' ],
187 verbose headers   'cf-cache-status': 'HIT',
187 verbose headers   'cache-control': 'max-age=300',
187 verbose headers   'cf-ray': '47908286fcb2a8a5-CDG',
187 verbose headers   etag: '"5a85bb57554d845233ccd7495e3fc9c2"',
187 verbose headers   'expect-ct': 'max-age=604800, report-uri="https://report-uri.cloudflare.com/cdn-cgi/beacon/expect-ct"',
187 verbose headers   'last-modified': 'Sat, 06 Oct 2018 06:09:30 GMT',
187 verbose headers   vary: 'accept-encoding, accept',
187 verbose headers   'x-amz-meta-rev': '148-4b50e14211ee29949a1bfee567b48c41',
187 verbose headers   server: 'cloudflare' }
188 silly get cb [ 304,
188 silly get   { date: 'Tue, 13 Nov 2018 10:21:09 GMT',
188 silly get     connection: 'keep-alive',
188 silly get     'set-cookie':
188 silly get      [ '__cfduid=d6ce864e6fc6b6c65f393667c06637ac41542104469; expires=Wed, 13-Nov-19 10:21:09 GMT; path=/; domain=.registry.npmjs.org; HttpOnly' ],
188 silly get     'cf-cache-status': 'HIT',
188 silly get     'cache-control': 'max-age=300',
188 silly get     'cf-ray': '47908286fcb2a8a5-CDG',
188 silly get     etag: '"5a85bb57554d845233ccd7495e3fc9c2"',
188 silly get     'expect-ct': 'max-age=604800, report-uri="https://report-uri.cloudflare.com/cdn-cgi/beacon/expect-ct"',
188 silly get     'last-modified': 'Sat, 06 Oct 2018 06:09:30 GMT',
188 silly get     vary: 'accept-encoding, accept',
188 silly get     'x-amz-meta-rev': '148-4b50e14211ee29949a1bfee567b48c41',
188 silly get     server: 'cloudflare' } ]
189 verbose etag https://registry.npmjs.org/ms from cache
190 verbose get saving ms to /home/amandine/.npm/registry.npmjs.org/ms/.cache.json
191 silly resolveWithNewModule ms@2.0.0 checking installable status
192 silly cache add args [ 'ms@2.0.0', null ]
193 verbose cache add spec ms@2.0.0
194 silly cache add parsed spec Result {
194 silly cache add   raw: 'ms@2.0.0',
194 silly cache add   scope: null,
194 silly cache add   name: 'ms',
194 silly cache add   rawSpec: '2.0.0',
194 silly cache add   spec: '2.0.0',
194 silly cache add   type: 'version' }
195 silly addNamed ms@2.0.0
196 verbose addNamed "2.0.0" is a plain semver version for ms
197 silly mapToRegistry name ms
198 silly mapToRegistry using default registry
199 silly mapToRegistry registry https://registry.npmjs.org/
200 silly mapToRegistry uri https://registry.npmjs.org/ms
201 verbose addNameVersion registry:https://registry.npmjs.org/ms not in flight; fetching
202 verbose get https://registry.npmjs.org/ms not expired, no request
203 silly cache afterAdd ms@2.0.0
204 verbose afterAdd /home/amandine/.npm/ms/2.0.0/package/package.json not in flight; writing
205 verbose afterAdd /home/amandine/.npm/ms/2.0.0/package/package.json written
206 silly loadAllDepsIntoIdealTree Finishing
207 silly idealTree:prePrune lib
207 silly idealTree:prePrune └─┬ beerscript@1.0.0
207 silly idealTree:prePrune   ├── axios@0.18.0
207 silly idealTree:prePrune   ├── debug@3.1.0
207 silly idealTree:prePrune   ├── follow-redirects@1.5.9
207 silly idealTree:prePrune   ├── is-buffer@1.1.6
207 silly idealTree:prePrune   └── ms@2.0.0
208 silly loadIdealTree Finishing
209 silly currentTree lib
210 silly idealTree lib
210 silly idealTree └─┬ beerscript@1.0.0
210 silly idealTree   ├── axios@0.18.0
210 silly idealTree   ├── debug@3.1.0
210 silly idealTree   ├── follow-redirects@1.5.9
210 silly idealTree   ├── is-buffer@1.1.6
210 silly idealTree   └── ms@2.0.0
211 silly generateActionsToTake Starting
212 silly install generateActionsToTake
213 warn checkPermissions Missing write access to /usr/local/lib
214 silly rollbackFailedOptional Starting
215 silly rollbackFailedOptional Finishing
216 silly runTopLevelLifecycles Starting
217 silly runTopLevelLifecycles Finishing
218 silly install printInstalled
219 verbose stack Error: EACCES: permission denied, access '/usr/local/lib'
220 verbose cwd /mnt/c/Users/MAINT/Documents/GitHub/BeerScript
221 error Linux 4.4.0-17134-Microsoft
222 error argv "/usr/bin/node" "/usr/bin/npm" "install" "-g"
223 error node v8.10.0
224 error npm  v3.5.2
225 error path /usr/local/lib
226 error code EACCES
227 error errno -13
228 error syscall access
229 error Error: EACCES: permission denied, access '/usr/local/lib'
229 error  { Error: EACCES: permission denied, access '/usr/local/lib'
229 error   errno: -13,
229 error   code: 'EACCES',
229 error   syscall: 'access',
229 error   path: '/usr/local/lib' }
230 error Please try running this command again as root/Administrator.
231 verbose exit [ -13, true ]
